<?xml version="1.0" encoding="UTF-8"?>
<!-- Generated by org.testng.reporters.JUnitXMLReporter -->
<testsuite ignored="0" hostname="ARADHYA" failures="0" tests="3" name="Default test" time="63.449" errors="0" timestamp="2026-07-16T10:37:06 IST">
  <testcase classname="POMCrmLogin.OrganizationTest" name="createorgwithindustryandtype" time="13.484"/>
  <testcase classname="POMCrmLogin.OrganizationTest" name="createorgwithorgname" time="14.689"/>
  <testcase classname="POMCrmLogin.OrganizationTest" name="createorgwithphone" time="12.873"/>
</testsuite> <!-- Default test -->
