<?xml version="1.0" encoding="UTF-8"?>
<!-- Generated by org.testng.reporters.JUnitXMLReporter -->
<testsuite ignored="8" hostname="ARADHYA" failures="0" tests="2" name="Test" time="0.215" errors="0" timestamp="2026-07-13T10:10:37 IST">
  <testcase classname="BaseClassUtilities.BaseClass" name="@BeforeClass launchTheBrowser" time="-1.783917637456E9">
    <failure type="org.testng.TestNGException" message="
Parameter &amp;apos;browser&amp;apos; is required by BeforeClass on method launchTheBrowser but has not been marked @Optional or defined
in C:\Users\sreej\eclipse-workspace\AdvanceSelenium\AdvSelenium\group.xml">
      <![CDATA[org.testng.TestNGException: 
Parameter 'browser' is required by BeforeClass on method launchTheBrowser but has not been marked @Optional or defined
in C:\Users\sreej\eclipse-workspace\AdvanceSelenium\AdvSelenium\group.xml
at java.base/java.util.ArrayList.forEach(ArrayList.java:1604)
... Removed 22 stack frames]]>
    </failure>
  </testcase> <!-- @BeforeClass launchTheBrowser -->
  <testcase classname="BaseClassUtilities.BaseClass" name="@BeforeMethod login" time="0.055">
    <failure type="java.lang.NullPointerException" message="Cannot invoke &amp;quot;org.openqa.selenium.WebDriver.manage()&amp;quot; because &amp;quot;driver&amp;quot; is null">
      <![CDATA[java.lang.NullPointerException: Cannot invoke "org.openqa.selenium.WebDriver.manage()" because "driver" is null
at GenericUtilities.WebDriverUtilities.maximizeTheWindow(WebDriverUtilities.java:56)
at BaseClassUtilities.BaseClass.login(BaseClass.java:68)
at java.base/java.util.ArrayList.forEach(ArrayList.java:1604)
... Removed 29 stack frames]]>
    </failure>
  </testcase> <!-- @BeforeMethod login -->
  <testcase classname="BaseClassUtilities.BaseClass" name="@AfterMethod logout" time="0.012">
    <failure type="java.lang.IllegalArgumentException" message="Driver must be set">
      <![CDATA[java.lang.IllegalArgumentException: Driver must be set
at org.openqa.selenium.internal.Require.nonNull(Require.java:63)
at org.openqa.selenium.interactions.Actions.<init>(Actions.java:67)
at org.openqa.selenium.interactions.Actions.<init>(Actions.java:63)
at GenericUtilities.WebDriverUtilities.mouseHoverOnElement(WebDriverUtilities.java:340)
at BaseClassUtilities.BaseClass.logout(BaseClass.java:77)
at java.base/java.util.ArrayList.forEach(ArrayList.java:1604)
... Removed 30 stack frames]]>
    </failure>
  </testcase> <!-- @AfterMethod logout -->
  <testcase classname="BaseClassUtilities.BaseClass" name="@AfterClass closeTheBrowser" time="0.001">
    <failure type="java.lang.NullPointerException" message="Cannot invoke &amp;quot;org.openqa.selenium.WebDriver.quit()&amp;quot; because &amp;quot;driver&amp;quot; is null">
      <![CDATA[java.lang.NullPointerException: Cannot invoke "org.openqa.selenium.WebDriver.quit()" because "driver" is null
at GenericUtilities.WebDriverUtilities.quitTheBrowser(WebDriverUtilities.java:156)
at BaseClassUtilities.BaseClass.closeTheBrowser(BaseClass.java:83)
at java.base/java.util.ArrayList.forEach(ArrayList.java:1604)
... Removed 24 stack frames]]>
    </failure>
  </testcase> <!-- @AfterClass closeTheBrowser -->
  <testcase classname="BaseClassUtilities.BaseClass" name="@BeforeClass launchTheBrowser" time="-1.783917637609E9">
    <failure type="org.testng.TestNGException" message="
Parameter &amp;apos;browser&amp;apos; is required by BeforeClass on method launchTheBrowser but has not been marked @Optional or defined
in C:\Users\sreej\eclipse-workspace\AdvanceSelenium\AdvSelenium\group.xml">
      <![CDATA[org.testng.TestNGException: 
Parameter 'browser' is required by BeforeClass on method launchTheBrowser but has not been marked @Optional or defined
in C:\Users\sreej\eclipse-workspace\AdvanceSelenium\AdvSelenium\group.xml
at java.base/java.util.ArrayList.forEach(ArrayList.java:1604)
... Removed 22 stack frames]]>
    </failure>
  </testcase> <!-- @BeforeClass launchTheBrowser -->
  <testcase classname="BaseClassUtilities.BaseClass" name="@BeforeMethod login" time="0.005">
    <failure type="java.lang.NullPointerException" message="Cannot invoke &amp;quot;org.openqa.selenium.WebDriver.manage()&amp;quot; because &amp;quot;driver&amp;quot; is null">
      <![CDATA[java.lang.NullPointerException: Cannot invoke "org.openqa.selenium.WebDriver.manage()" because "driver" is null
at GenericUtilities.WebDriverUtilities.maximizeTheWindow(WebDriverUtilities.java:56)
at BaseClassUtilities.BaseClass.login(BaseClass.java:68)
at java.base/java.util.ArrayList.forEach(ArrayList.java:1604)
... Removed 29 stack frames]]>
    </failure>
  </testcase> <!-- @BeforeMethod login -->
  <testcase classname="BaseClassUtilities.BaseClass" name="@AfterMethod logout" time="0.001">
    <failure type="java.lang.IllegalArgumentException" message="Driver must be set">
      <![CDATA[java.lang.IllegalArgumentException: Driver must be set
at org.openqa.selenium.internal.Require.nonNull(Require.java:63)
at org.openqa.selenium.interactions.Actions.<init>(Actions.java:67)
at org.openqa.selenium.interactions.Actions.<init>(Actions.java:63)
at GenericUtilities.WebDriverUtilities.mouseHoverOnElement(WebDriverUtilities.java:340)
at BaseClassUtilities.BaseClass.logout(BaseClass.java:77)
at java.base/java.util.ArrayList.forEach(ArrayList.java:1604)
... Removed 30 stack frames]]>
    </failure>
  </testcase> <!-- @AfterMethod logout -->
  <testcase classname="BaseClassUtilities.BaseClass" name="@AfterClass closeTheBrowser" time="0.001">
    <failure type="java.lang.NullPointerException" message="Cannot invoke &amp;quot;org.openqa.selenium.WebDriver.quit()&amp;quot; because &amp;quot;driver&amp;quot; is null">
      <![CDATA[java.lang.NullPointerException: Cannot invoke "org.openqa.selenium.WebDriver.quit()" because "driver" is null
at GenericUtilities.WebDriverUtilities.quitTheBrowser(WebDriverUtilities.java:156)
at BaseClassUtilities.BaseClass.closeTheBrowser(BaseClass.java:83)
at java.base/java.util.ArrayList.forEach(ArrayList.java:1604)
... Removed 24 stack frames]]>
    </failure>
  </testcase> <!-- @AfterClass closeTheBrowser -->
  <testcase classname="POMCrmLogin.ContactsTest" name="contactslastname" time="0.001">
    <skipped/>
  </testcase> <!-- contactslastname -->
  <testcase classname="POMCrmLogin.OrganizationTest" name="createorgwithorgname" time="0.0">
    <skipped/>
  </testcase> <!-- createorgwithorgname -->
  <testcase classname="BaseClassUtilities.BaseClass" name="@BeforeTest closeParellelExe" time="0.0">
    <ignored/>
  </testcase> <!-- @BeforeTest closeParellelExe -->
  <testcase classname="BaseClassUtilities.BaseClass" name="@AfterSuite disconnectWithDB" time="0.0">
    <ignored/>
  </testcase> <!-- @AfterSuite disconnectWithDB -->
  <testcase classname="BaseClassUtilities.BaseClass" name="@BeforeSuite connectToDB" time="0.0">
    <ignored/>
  </testcase> <!-- @BeforeSuite connectToDB -->
  <testcase classname="POMCrmLogin.ContactsTest" name="CreateContactUsingOrganizationName" time="0.0">
    <ignored/>
  </testcase> <!-- CreateContactUsingOrganizationName -->
  <testcase classname="POMCrmLogin.ContactsTest" name="ContactSupportStartAndEndDate" time="0.0">
    <ignored/>
  </testcase> <!-- ContactSupportStartAndEndDate -->
  <testcase classname="POMCrmLogin.OrganizationTest" name="createorgwithphone" time="0.0">
    <ignored/>
  </testcase> <!-- createorgwithphone -->
  <testcase classname="BaseClassUtilities.BaseClass" name="@BeforeTest ConfigParellelExe" time="0.0">
    <ignored/>
  </testcase> <!-- @BeforeTest ConfigParellelExe -->
  <testcase classname="POMCrmLogin.OrganizationTest" name="createorgwithindustryandtype" time="0.0">
    <ignored/>
  </testcase> <!-- createorgwithindustryandtype -->
</testsuite> <!-- Test -->
