<?xml version="1.0" encoding="UTF-8"?>
<!-- Generated by org.testng.reporters.JUnitXMLReporter -->
<testsuite ignored="0" hostname="ARADHYA" failures="0" tests="3" name="Test1" time="97.081" errors="0" timestamp="2026-07-09T11:00:27 IST">
  <testcase classname="POMCrmLogin.OrganizationTest" name="createorgwithindustryandtype" time="20.961"/>
  <testcase classname="POMCrmLogin.OrganizationTest" name="createorgwithorgname" time="20.803"/>
  <testcase classname="POMCrmLogin.OrganizationTest" name="createorgwithphone" time="19.662"/>
</testsuite> <!-- Test1 -->
