<?xml version="1.0" encoding="UTF-8"?>
<!-- Generated by org.testng.reporters.JUnitXMLReporter -->
<testsuite ignored="4" hostname="ARADHYA" failures="0" tests="6" name="Test_chrome" time="310.114" errors="0" timestamp="2026-07-13T10:16:47 IST">
  <testcase classname="BaseClassUtilities.BaseClass" name="@BeforeMethod login" time="22.693">
    <failure type="org.openqa.selenium.NoSuchElementException" message="no such element: Unable to locate element: {&amp;quot;method&amp;quot;:&amp;quot;css selector&amp;quot;,&amp;quot;selector&amp;quot;:&amp;quot;*[name=&amp;apos;user_name&amp;apos;]&amp;quot;}
  (Session info: MicrosoftEdge=150.0.4078.65)
For documentation on this error, please visit: https://www.selenium.dev/documentation/webdriver/troubleshooting/errors#nosuchelementexception
Build info: version: &amp;apos;4.39.0&amp;apos;, revision: &amp;apos;126f156aee&amp;apos;
System info: os.name: &amp;apos;Windows 11&amp;apos;, os.arch: &amp;apos;amd64&amp;apos;, os.version: &amp;apos;10.0&amp;apos;, java.version: &amp;apos;25.0.1&amp;apos;
Driver info: org.openqa.selenium.edge.EdgeDriver
Command: [78f81f66f9f0474de1e4d043313062bc, findElement {value=user_name, using=name}]
Capabilities {acceptInsecureCerts: false, browserName: MicrosoftEdge, browserVersion: 150.0.4078.65, fedcm:accounts: true, goog:processID: 27936, ms:edgeOptions: {debuggerAddress: localhost:50887}, msedge: {msedgedriverVersion: 150.0.4078.65 (7e26d29c1de8..., userDataDir: C:\Users\sreej\AppData\Loca...}, networkConnectionEnabled: false, pageLoadStrategy: normal, platformName: windows, proxy: Proxy(), se:cdp: ws://localhost:50887/devtoo..., se:cdpVersion: 150.0.4078.65, setWindowRect: true, strictFileInteractability: false, timeouts: {implicit: 0, pageLoad: 300000, script: 30000}, unhandledPromptBehavior: dismiss and notify, webauthn:extension:credBlob: true, webauthn:extension:largeBlob: true, webauthn:extension:minPinLength: true, webauthn:extension:prf: true, webauthn:virtualAuthenticators: true}
Session ID: 78f81f66f9f0474de1e4d043313062bc">
      <![CDATA[org.openqa.selenium.NoSuchElementException: no such element: Unable to locate element: {"method":"css selector","selector":"*[name='user_name']"}
  (Session info: MicrosoftEdge=150.0.4078.65)
For documentation on this error, please visit: https://www.selenium.dev/documentation/webdriver/troubleshooting/errors#nosuchelementexception
Build info: version: '4.39.0', revision: '126f156aee'
System info: os.name: 'Windows 11', os.arch: 'amd64', os.version: '10.0', java.version: '25.0.1'
Driver info: org.openqa.selenium.edge.EdgeDriver
Command: [78f81f66f9f0474de1e4d043313062bc, findElement {value=user_name, using=name}]
Capabilities {acceptInsecureCerts: false, browserName: MicrosoftEdge, browserVersion: 150.0.4078.65, fedcm:accounts: true, goog:processID: 27936, ms:edgeOptions: {debuggerAddress: localhost:50887}, msedge: {msedgedriverVersion: 150.0.4078.65 (7e26d29c1de8..., userDataDir: C:\Users\sreej\AppData\Loca...}, networkConnectionEnabled: false, pageLoadStrategy: normal, platformName: windows, proxy: Proxy(), se:cdp: ws://localhost:50887/devtoo..., se:cdpVersion: 150.0.4078.65, setWindowRect: true, strictFileInteractability: false, timeouts: {implicit: 0, pageLoad: 300000, script: 30000}, unhandledPromptBehavior: dismiss and notify, webauthn:extension:credBlob: true, webauthn:extension:largeBlob: true, webauthn:extension:minPinLength: true, webauthn:extension:prf: true, webauthn:virtualAuthenticators: true}
Session ID: 78f81f66f9f0474de1e4d043313062bc
at org.openqa.selenium.remote.ErrorCodec.decode(ErrorCodec.java:167)
at org.openqa.selenium.remote.codec.w3c.W3CHttpResponseCodec.decode(W3CHttpResponseCodec.java:142)
at org.openqa.selenium.remote.codec.w3c.W3CHttpResponseCodec.decode(W3CHttpResponseCodec.java:49)
at org.openqa.selenium.remote.HttpCommandExecutor.execute(HttpCommandExecutor.java:215)
at org.openqa.selenium.remote.service.DriverCommandExecutor.invokeExecute(DriverCommandExecutor.java:216)
at org.openqa.selenium.remote.service.DriverCommandExecutor.execute(DriverCommandExecutor.java:174)
at org.openqa.selenium.remote.RemoteWebDriver.execute(RemoteWebDriver.java:561)
at org.openqa.selenium.remote.ElementLocation$ElementFinder$2.findElement(ElementLocation.java:166)
at org.openqa.selenium.remote.ElementLocation.findElement(ElementLocation.java:60)
at org.openqa.selenium.remote.RemoteWebDriver.findElement(RemoteWebDriver.java:384)
at org.openqa.selenium.remote.RemoteWebDriver.findElement(RemoteWebDriver.java:378)
at org.openqa.selenium.support.pagefactory.DefaultElementLocator.findElement(DefaultElementLocator.java:68)
at org.openqa.selenium.support.pagefactory.internal.LocatingElementHandler.invoke(LocatingElementHandler.java:38)
at jdk.proxy2/jdk.proxy2.$Proxy22.sendKeys(Unknown Source)
at CrmApplicationPomPages.CrmLoginPomPage.login(CrmLoginPomPage.java:40)
at BaseClassUtilities.BaseClass.login(BaseClass.java:71)
at java.base/java.util.ArrayList.forEach(ArrayList.java:1604)
at java.base/java.util.concurrent.FutureTask.run(FutureTask.java:328)
at java.base/java.util.concurrent.ThreadPoolExecutor.runWorker(ThreadPoolExecutor.java:1090)
at java.base/java.util.concurrent.ThreadPoolExecutor$Worker.run(ThreadPoolExecutor.java:614)
at java.base/java.lang.Thread.run(Thread.java:1474)
... Removed 22 stack frames]]>
    </failure>
  </testcase> <!-- @BeforeMethod login -->
  <testcase classname="POMCrmLogin.ContactsTest" name="ContactSupportStartAndEndDate" time="73.854"/>
  <testcase classname="POMCrmLogin.ContactsTest" name="CreateContactUsingOrganizationName" time="44.488"/>
  <testcase classname="POMCrmLogin.ContactsTest" name="contactslastname" time="20.56"/>
  <testcase classname="POMCrmLogin.OrganizationTest" name="createorgwithindustryandtype" time="36.577"/>
  <testcase classname="POMCrmLogin.OrganizationTest" name="createorgwithorgname" time="24.837"/>
  <testcase classname="POMCrmLogin.OrganizationTest" name="createorgwithphone" time="22.565"/>
  <testcase classname="BaseClassUtilities.BaseClass" name="@BeforeTest ConfigParellelExe" time="0.0">
    <ignored/>
  </testcase> <!-- @BeforeTest ConfigParellelExe -->
  <testcase classname="BaseClassUtilities.BaseClass" name="@BeforeTest closeParellelExe" time="0.0">
    <ignored/>
  </testcase> <!-- @BeforeTest closeParellelExe -->
  <testcase classname="BaseClassUtilities.BaseClass" name="@BeforeSuite connectToDB" time="0.0">
    <ignored/>
  </testcase> <!-- @BeforeSuite connectToDB -->
  <testcase classname="BaseClassUtilities.BaseClass" name="@AfterSuite disconnectWithDB" time="0.0">
    <ignored/>
  </testcase> <!-- @AfterSuite disconnectWithDB -->
</testsuite> <!-- Test_chrome -->
