<?xml version="1.0" encoding="UTF-8"?>
<!-- Generated by org.testng.reporters.JUnitXMLReporter -->
<testsuite ignored="4" hostname="ARADHYA" failures="1" tests="1" name="Test_firefox" time="0.943" errors="0" timestamp="2026-07-15T11:28:06 IST">
  <testcase classname="POMCrmLogin.ContactsTest" name="ContactSupportStartAndEndDate" time="0.162">
    <failure type="java.lang.NullPointerException" message="Cannot invoke &amp;quot;com.aventstack.extentreports.ExtentReports.createTest(String)&amp;quot; because &amp;quot;this.report&amp;quot; is null">
      <![CDATA[java.lang.NullPointerException: Cannot invoke "com.aventstack.extentreports.ExtentReports.createTest(String)" because "this.report" is null
at ListenersUtility.Listeners.onTestStart(Listeners.java:47)
at java.base/java.util.ArrayList.forEach(ArrayList.java:1604)
at java.base/java.util.concurrent.FutureTask.run(FutureTask.java:328)
at java.base/java.util.concurrent.ThreadPoolExecutor.runWorker(ThreadPoolExecutor.java:1090)
at java.base/java.util.concurrent.ThreadPoolExecutor$Worker.run(ThreadPoolExecutor.java:614)
at java.base/java.lang.Thread.run(Thread.java:1474)
... Removed 15 stack frames]]>
    </failure>
  </testcase> <!-- ContactSupportStartAndEndDate -->
  <testcase classname="BaseClassUtilities.BaseClass" name="@AfterSuite disconnectWithDB" time="0.0">
    <ignored/>
  </testcase> <!-- @AfterSuite disconnectWithDB -->
  <testcase classname="BaseClassUtilities.BaseClass" name="@BeforeTest ConfigParellelExe" time="0.0">
    <ignored/>
  </testcase> <!-- @BeforeTest ConfigParellelExe -->
  <testcase classname="BaseClassUtilities.BaseClass" name="@BeforeSuite connectToDB" time="0.0">
    <ignored/>
  </testcase> <!-- @BeforeSuite connectToDB -->
  <testcase classname="BaseClassUtilities.BaseClass" name="@BeforeTest closeParellelExe" time="0.0">
    <ignored/>
  </testcase> <!-- @BeforeTest closeParellelExe -->
</testsuite> <!-- Test_firefox -->
