<?xml version="1.0" encoding="UTF-8"?>
<!-- Generated by org.testng.reporters.JUnitXMLReporter -->
<testsuite ignored="8" hostname="ARADHYA" failures="0" tests="2" name="Test" time="41.584" errors="0" timestamp="2026-07-15T10:55:25 IST">
  <testcase classname="POMCrmLogin.ContactsTest" name="contactslastname" time="14.409"/>
  <testcase classname="POMCrmLogin.OrganizationTest" name="createorgwithorgname" time="12.586"/>
  <testcase classname="POMCrmLogin.OrganizationTest" name="createorgwithindustryandtype" time="0.0">
    <ignored/>
  </testcase> <!-- createorgwithindustryandtype -->
  <testcase classname="POMCrmLogin.OrganizationTest" name="createorgwithphone" time="0.0">
    <ignored/>
  </testcase> <!-- createorgwithphone -->
  <testcase classname="BaseClassUtilities.BaseClass" name="@BeforeSuite connectToDB" time="0.0">
    <ignored/>
  </testcase> <!-- @BeforeSuite connectToDB -->
  <testcase classname="BaseClassUtilities.BaseClass" name="@AfterSuite disconnectWithDB" time="0.0">
    <ignored/>
  </testcase> <!-- @AfterSuite disconnectWithDB -->
  <testcase classname="BaseClassUtilities.BaseClass" name="@BeforeTest ConfigParellelExe" time="0.0">
    <ignored/>
  </testcase> <!-- @BeforeTest ConfigParellelExe -->
  <testcase classname="POMCrmLogin.ContactsTest" name="ContactSupportStartAndEndDate" time="0.0">
    <ignored/>
  </testcase> <!-- ContactSupportStartAndEndDate -->
  <testcase classname="POMCrmLogin.ContactsTest" name="CreateContactUsingOrganizationName" time="0.0">
    <ignored/>
  </testcase> <!-- CreateContactUsingOrganizationName -->
  <testcase classname="BaseClassUtilities.BaseClass" name="@BeforeTest closeParellelExe" time="0.0">
    <ignored/>
  </testcase> <!-- @BeforeTest closeParellelExe -->
</testsuite> <!-- Test -->
