<?xml version="1.0" encoding="UTF-8"?>
<!-- Generated by org.testng.reporters.JUnitXMLReporter -->
<testsuite ignored="0" hostname="ARADHYA" failures="3" tests="13" name="Test2" time="83.862" errors="0" timestamp="2026-07-15T10:48:32 IST">
  <testcase classname="POMCrmLogin.ContactsTest" name="ContactSupportStartAndEndDate" time="0.002">
    <skipped/>
  </testcase> <!-- ContactSupportStartAndEndDate -->
  <testcase classname="POMCrmLogin.ContactsTest" name="ContactSupportStartAndEndDate" time="0.002">
    <skipped/>
  </testcase> <!-- ContactSupportStartAndEndDate -->
  <testcase classname="POMCrmLogin.ContactsTest" name="ContactSupportStartAndEndDate" time="0.0">
    <skipped/>
  </testcase> <!-- ContactSupportStartAndEndDate -->
  <testcase classname="POMCrmLogin.ContactsTest" name="ContactSupportStartAndEndDate" time="0.001">
    <skipped/>
  </testcase> <!-- ContactSupportStartAndEndDate -->
  <testcase classname="POMCrmLogin.ContactsTest" name="ContactSupportStartAndEndDate" time="0.0">
    <skipped/>
  </testcase> <!-- ContactSupportStartAndEndDate -->
  <testcase classname="POMCrmLogin.ContactsTest" name="ContactSupportStartAndEndDate" time="0.002">
    <failure type="java.lang.NullPointerException" message="Cannot invoke &amp;quot;com.aventstack.extentreports.ExtentReports.createTest(String)&amp;quot; because &amp;quot;this.report&amp;quot; is null">
      <![CDATA[java.lang.NullPointerException: Cannot invoke "com.aventstack.extentreports.ExtentReports.createTest(String)" because "this.report" is null
at ListenersUtility.Listeners.onTestStart(Listeners.java:47)
at java.base/java.util.ArrayList.forEach(ArrayList.java:1604)
at java.base/java.util.concurrent.FutureTask.run(FutureTask.java:328)
at java.base/java.util.concurrent.ThreadPoolExecutor.runWorker(ThreadPoolExecutor.java:1090)
at java.base/java.util.concurrent.ThreadPoolExecutor$Worker.run(ThreadPoolExecutor.java:614)
at java.base/java.lang.Thread.run(Thread.java:1474)
... Removed 14 stack frames]]>
    </failure>
  </testcase> <!-- ContactSupportStartAndEndDate -->
  <testcase classname="POMCrmLogin.ContactsTest" name="CreateContactUsingOrganizationName" time="0.0">
    <skipped/>
  </testcase> <!-- CreateContactUsingOrganizationName -->
  <testcase classname="POMCrmLogin.ContactsTest" name="CreateContactUsingOrganizationName" time="0.0">
    <skipped/>
  </testcase> <!-- CreateContactUsingOrganizationName -->
  <testcase classname="POMCrmLogin.ContactsTest" name="CreateContactUsingOrganizationName" time="0.0">
    <skipped/>
  </testcase> <!-- CreateContactUsingOrganizationName -->
  <testcase classname="POMCrmLogin.ContactsTest" name="CreateContactUsingOrganizationName" time="0.0">
    <skipped/>
  </testcase> <!-- CreateContactUsingOrganizationName -->
  <testcase classname="POMCrmLogin.ContactsTest" name="CreateContactUsingOrganizationName" time="0.001">
    <skipped/>
  </testcase> <!-- CreateContactUsingOrganizationName -->
  <testcase classname="POMCrmLogin.ContactsTest" name="CreateContactUsingOrganizationName" time="0.0">
    <failure type="java.lang.NullPointerException" message="Cannot invoke &amp;quot;com.aventstack.extentreports.ExtentReports.createTest(String)&amp;quot; because &amp;quot;this.report&amp;quot; is null">
      <![CDATA[java.lang.NullPointerException: Cannot invoke "com.aventstack.extentreports.ExtentReports.createTest(String)" because "this.report" is null
at ListenersUtility.Listeners.onTestStart(Listeners.java:47)
at java.base/java.util.ArrayList.forEach(ArrayList.java:1604)
at java.base/java.util.concurrent.FutureTask.run(FutureTask.java:328)
at java.base/java.util.concurrent.ThreadPoolExecutor.runWorker(ThreadPoolExecutor.java:1090)
at java.base/java.util.concurrent.ThreadPoolExecutor$Worker.run(ThreadPoolExecutor.java:614)
at java.base/java.lang.Thread.run(Thread.java:1474)
... Removed 14 stack frames]]>
    </failure>
  </testcase> <!-- CreateContactUsingOrganizationName -->
  <testcase classname="POMCrmLogin.ContactsTest" name="CreateContactUsingOrganizationName" time="37.506">
    <failure type="org.openqa.selenium.NoSuchSessionException" message="Session ID is null. Using WebDriver after calling quit()?
Build info: version: &amp;apos;4.39.0&amp;apos;, revision: &amp;apos;126f156aee&amp;apos;
System info: os.name: &amp;apos;Windows 11&amp;apos;, os.arch: &amp;apos;amd64&amp;apos;, os.version: &amp;apos;10.0&amp;apos;, java.version: &amp;apos;25.0.1&amp;apos;
Driver info: org.openqa.selenium.chrome.ChromeDriver
Command: [null, screenshot {}]
Capabilities {acceptInsecureCerts: false, browserName: chrome, browserVersion: 150.0.7871.101, chrome: {chromedriverVersion: 150.0.7871.124 (9261fd0a595..., userDataDir: C:\Users\sreej\AppData\Loca...}, fedcm:accounts: true, goog:chromeOptions: {debuggerAddress: localhost:62455}, goog:processID: 31812, networkConnectionEnabled: false, pageLoadStrategy: normal, platformName: windows, proxy: Proxy(), se:cdp: ws://localhost:62455/devtoo..., se:cdpVersion: 150.0.7871.101, setWindowRect: true, strictFileInteractability: false, timeouts: {implicit: 0, pageLoad: 300000, script: 30000}, unhandledPromptBehavior: dismiss and notify, webauthn:extension:credBlob: true, webauthn:extension:largeBlob: true, webauthn:extension:minPinLength: true, webauthn:extension:prf: true, webauthn:virtualAuthenticators: true}">
      <![CDATA[org.openqa.selenium.NoSuchSessionException: Session ID is null. Using WebDriver after calling quit()?
Build info: version: '4.39.0', revision: '126f156aee'
System info: os.name: 'Windows 11', os.arch: 'amd64', os.version: '10.0', java.version: '25.0.1'
Driver info: org.openqa.selenium.chrome.ChromeDriver
Command: [null, screenshot {}]
Capabilities {acceptInsecureCerts: false, browserName: chrome, browserVersion: 150.0.7871.101, chrome: {chromedriverVersion: 150.0.7871.124 (9261fd0a595..., userDataDir: C:\Users\sreej\AppData\Loca...}, fedcm:accounts: true, goog:chromeOptions: {debuggerAddress: localhost:62455}, goog:processID: 31812, networkConnectionEnabled: false, pageLoadStrategy: normal, platformName: windows, proxy: Proxy(), se:cdp: ws://localhost:62455/devtoo..., se:cdpVersion: 150.0.7871.101, setWindowRect: true, strictFileInteractability: false, timeouts: {implicit: 0, pageLoad: 300000, script: 30000}, unhandledPromptBehavior: dismiss and notify, webauthn:extension:credBlob: true, webauthn:extension:largeBlob: true, webauthn:extension:minPinLength: true, webauthn:extension:prf: true, webauthn:virtualAuthenticators: true}
at org.openqa.selenium.remote.HttpCommandExecutor.execute(HttpCommandExecutor.java:176)
at org.openqa.selenium.remote.service.DriverCommandExecutor.invokeExecute(DriverCommandExecutor.java:216)
at org.openqa.selenium.remote.service.DriverCommandExecutor.execute(DriverCommandExecutor.java:174)
at org.openqa.selenium.remote.RemoteWebDriver.execute(RemoteWebDriver.java:561)
at org.openqa.selenium.remote.RemoteWebDriver.execute(RemoteWebDriver.java:638)
at org.openqa.selenium.remote.RemoteWebDriver.execute(RemoteWebDriver.java:642)
at org.openqa.selenium.remote.RemoteWebDriver.getScreenshotAs(RemoteWebDriver.java:350)
at ListenersUtility.Listeners.onTestFailure(Listeners.java:67)
at java.base/java.util.ArrayList.forEach(ArrayList.java:1604)
at java.base/java.util.concurrent.FutureTask.run(FutureTask.java:328)
at java.base/java.util.concurrent.ThreadPoolExecutor.runWorker(ThreadPoolExecutor.java:1090)
at java.base/java.util.concurrent.ThreadPoolExecutor$Worker.run(ThreadPoolExecutor.java:614)
at java.base/java.lang.Thread.run(Thread.java:1474)
... Removed 14 stack frames]]>
    </failure>
  </testcase> <!-- CreateContactUsingOrganizationName -->
</testsuite> <!-- Test2 -->
