<?xml version="1.0" encoding="UTF-8"?>
<!-- Generated by org.testng.reporters.JUnitXMLReporter -->
<testsuite ignored="0" hostname="ARADHYA" failures="0" tests="3" name="Test2" time="111.562" errors="0" timestamp="2026-07-09T11:00:42 IST">
  <testcase classname="POMCrmLogin.ContactsTest" name="ContactSupportStartAndEndDate" time="21.362"/>
  <testcase classname="POMCrmLogin.ContactsTest" name="CreateContactUsingOrganizationName" time="40.973"/>
  <testcase classname="POMCrmLogin.ContactsTest" name="contactslastname" time="15.94"/>
</testsuite> <!-- Test2 -->
