<?xml version="1.0" encoding="UTF-8"?>
<testng-results ignored="0" total="3" passed="3" failed="0" skipped="0">
  <reporter-output>
    <line>
      <![CDATA[Suite Excecution Started-Report Configuration]]>
    </line>
    <line>
      <![CDATA[connecting to database]]>
    </line>
    <line>
      <![CDATA[configure Parellel Exe]]>
    </line>
    <line>
      <![CDATA[close config of parellel exe]]>
    </line>
    <line>
      <![CDATA[launching the Browser]]>
    </line>
    <line>
      <![CDATA[login to VTIGER]]>
    </line>
    <line>
      <![CDATA[createorgwithindustryandtype:Test Execution Started]]>
    </line>
    <line>
      <![CDATA[createorgwithindustryandtype:Test Execution Success]]>
    </line>
    <line>
      <![CDATA[logout from VTIGER]]>
    </line>
    <line>
      <![CDATA[login to VTIGER]]>
    </line>
    <line>
      <![CDATA[createorgwithorgname:Test Execution Started]]>
    </line>
    <line>
      <![CDATA[createorgwithorgname:Test Execution Success]]>
    </line>
    <line>
      <![CDATA[logout from VTIGER]]>
    </line>
    <line>
      <![CDATA[login to VTIGER]]>
    </line>
    <line>
      <![CDATA[createorgwithphone:Test Execution Started]]>
    </line>
    <line>
      <![CDATA[createorgwithphone:Test Execution Success]]>
    </line>
    <line>
      <![CDATA[logout from VTIGER]]>
    </line>
    <line>
      <![CDATA[closing the browser]]>
    </line>
    <line>
      <![CDATA[disconnecting with database]]>
    </line>
  </reporter-output>
  <suite started-at="2026-07-16T10:36:03 IST" name="Default suite" finished-at="2026-07-16T10:37:06 IST" duration-ms="63449">
    <groups>
      <group name="regression">
        <method signature="OrganizationTest.createorgwithindustryandtype()[pri:0, instance:POMCrmLogin.OrganizationTest@52bf72b5]" name="createorgwithindustryandtype" class="POMCrmLogin.OrganizationTest"/>
        <method signature="OrganizationTest.createorgwithphone()[pri:0, instance:POMCrmLogin.OrganizationTest@52bf72b5]" name="createorgwithphone" class="POMCrmLogin.OrganizationTest"/>
      </group> <!-- regression -->
      <group name="smoke">
        <method signature="OrganizationTest.createorgwithorgname()[pri:0, instance:POMCrmLogin.OrganizationTest@52bf72b5]" name="createorgwithorgname" class="POMCrmLogin.OrganizationTest"/>
      </group> <!-- smoke -->
    </groups>
    <test started-at="2026-07-16T10:36:03 IST" name="Default test" finished-at="2026-07-16T10:37:06 IST" duration-ms="63449">
      <class name="POMCrmLogin.OrganizationTest">
        <test-method is-config="true" signature="connectToDB()[pri:0, instance:POMCrmLogin.OrganizationTest@52bf72b5]" started-at="2026-07-16T10:36:02 IST" name="connectToDB" finished-at="2026-07-16T10:36:03 IST" duration-ms="520" status="PASS">
          <reporter-output>
            <line>
              <![CDATA[connecting to database]]>
            </line>
          </reporter-output>
        </test-method> <!-- connectToDB -->
        <test-method is-config="true" signature="ConfigParellelExe()[pri:0, instance:POMCrmLogin.OrganizationTest@52bf72b5]" started-at="2026-07-16T10:36:03 IST" name="ConfigParellelExe" finished-at="2026-07-16T10:36:03 IST" duration-ms="2" status="PASS">
          <reporter-output>
            <line>
              <![CDATA[configure Parellel Exe]]>
            </line>
          </reporter-output>
        </test-method> <!-- ConfigParellelExe -->
        <test-method is-config="true" signature="closeParellelExe()[pri:0, instance:POMCrmLogin.OrganizationTest@52bf72b5]" started-at="2026-07-16T10:36:03 IST" name="closeParellelExe" finished-at="2026-07-16T10:36:03 IST" duration-ms="1" status="PASS">
          <reporter-output>
            <line>
              <![CDATA[close config of parellel exe]]>
            </line>
          </reporter-output>
        </test-method> <!-- closeParellelExe -->
        <test-method is-config="true" signature="launchTheBrowser()[pri:0, instance:POMCrmLogin.OrganizationTest@52bf72b5]" started-at="2026-07-16T10:36:03 IST" name="launchTheBrowser" finished-at="2026-07-16T10:36:04 IST" duration-ms="1695" status="PASS">
          <reporter-output>
            <line>
              <![CDATA[launching the Browser]]>
            </line>
          </reporter-output>
        </test-method> <!-- launchTheBrowser -->
        <test-method is-config="true" signature="login()[pri:0, instance:POMCrmLogin.OrganizationTest@52bf72b5]" started-at="2026-07-16T10:36:04 IST" name="login" finished-at="2026-07-16T10:36:08 IST" duration-ms="3304" status="PASS">
          <reporter-output>
            <line>
              <![CDATA[login to VTIGER]]>
            </line>
          </reporter-output>
        </test-method> <!-- login -->
        <test-method signature="createorgwithindustryandtype()[pri:0, instance:POMCrmLogin.OrganizationTest@52bf72b5]" started-at="2026-07-16T10:36:08 IST" name="createorgwithindustryandtype" finished-at="2026-07-16T10:36:21 IST" duration-ms="13484" status="PASS">
          <reporter-output>
            <line>
              <![CDATA[createorgwithindustryandtype:Test Execution Started]]>
            </line>
            <line>
              <![CDATA[createorgwithindustryandtype:Test Execution Success]]>
            </line>
          </reporter-output>
        </test-method> <!-- createorgwithindustryandtype -->
        <test-method is-config="true" signature="logout()[pri:0, instance:POMCrmLogin.OrganizationTest@52bf72b5]" started-at="2026-07-16T10:36:21 IST" name="logout" finished-at="2026-07-16T10:36:25 IST" duration-ms="3838" status="PASS">
          <reporter-output>
            <line>
              <![CDATA[logout from VTIGER]]>
            </line>
          </reporter-output>
        </test-method> <!-- logout -->
        <test-method is-config="true" signature="login()[pri:0, instance:POMCrmLogin.OrganizationTest@52bf72b5]" started-at="2026-07-16T10:36:25 IST" name="login" finished-at="2026-07-16T10:36:28 IST" duration-ms="3140" status="PASS">
          <reporter-output>
            <line>
              <![CDATA[login to VTIGER]]>
            </line>
          </reporter-output>
        </test-method> <!-- login -->
        <test-method signature="createorgwithorgname()[pri:0, instance:POMCrmLogin.OrganizationTest@52bf72b5]" started-at="2026-07-16T10:36:28 IST" name="createorgwithorgname" finished-at="2026-07-16T10:36:43 IST" duration-ms="14689" status="PASS">
          <reporter-output>
            <line>
              <![CDATA[createorgwithorgname:Test Execution Started]]>
            </line>
            <line>
              <![CDATA[createorgwithorgname:Test Execution Success]]>
            </line>
          </reporter-output>
        </test-method> <!-- createorgwithorgname -->
        <test-method is-config="true" signature="logout()[pri:0, instance:POMCrmLogin.OrganizationTest@52bf72b5]" started-at="2026-07-16T10:36:43 IST" name="logout" finished-at="2026-07-16T10:36:47 IST" duration-ms="3917" status="PASS">
          <reporter-output>
            <line>
              <![CDATA[logout from VTIGER]]>
            </line>
          </reporter-output>
        </test-method> <!-- logout -->
        <test-method is-config="true" signature="login()[pri:0, instance:POMCrmLogin.OrganizationTest@52bf72b5]" started-at="2026-07-16T10:36:47 IST" name="login" finished-at="2026-07-16T10:36:50 IST" duration-ms="2786" status="PASS">
          <reporter-output>
            <line>
              <![CDATA[login to VTIGER]]>
            </line>
          </reporter-output>
        </test-method> <!-- login -->
        <test-method signature="createorgwithphone()[pri:0, instance:POMCrmLogin.OrganizationTest@52bf72b5]" started-at="2026-07-16T10:36:50 IST" name="createorgwithphone" finished-at="2026-07-16T10:37:02 IST" duration-ms="12873" status="PASS">
          <reporter-output>
            <line>
              <![CDATA[createorgwithphone:Test Execution Started]]>
            </line>
            <line>
              <![CDATA[createorgwithphone:Test Execution Success]]>
            </line>
          </reporter-output>
        </test-method> <!-- createorgwithphone -->
        <test-method is-config="true" signature="logout()[pri:0, instance:POMCrmLogin.OrganizationTest@52bf72b5]" started-at="2026-07-16T10:37:02 IST" name="logout" finished-at="2026-07-16T10:37:06 IST" duration-ms="3304" status="PASS">
          <reporter-output>
            <line>
              <![CDATA[logout from VTIGER]]>
            </line>
          </reporter-output>
        </test-method> <!-- logout -->
        <test-method is-config="true" signature="closeTheBrowser()[pri:0, instance:POMCrmLogin.OrganizationTest@52bf72b5]" started-at="2026-07-16T10:37:06 IST" name="closeTheBrowser" finished-at="2026-07-16T10:37:06 IST" duration-ms="342" status="PASS">
          <reporter-output>
            <line>
              <![CDATA[closing the browser]]>
            </line>
          </reporter-output>
        </test-method> <!-- closeTheBrowser -->
        <test-method is-config="true" signature="disconnectWithDB()[pri:0, instance:POMCrmLogin.OrganizationTest@52bf72b5]" started-at="2026-07-16T10:37:06 IST" name="disconnectWithDB" finished-at="2026-07-16T10:37:06 IST" duration-ms="3" status="PASS">
          <reporter-output>
            <line>
              <![CDATA[disconnecting with database]]>
            </line>
          </reporter-output>
        </test-method> <!-- disconnectWithDB -->
      </class> <!-- POMCrmLogin.OrganizationTest -->
    </test> <!-- Default test -->
  </suite> <!-- Default suite -->
</testng-results>
