<?xml version="1.0" encoding="UTF-8"?>
<!-- Generated by org.testng.reporters.JUnitReportReporter -->
<testsuite hostname="ARADHYA" failures="0" tests="1" name="DDTCrmApplicationExcel.CreateContactWithSupportDateExcelTest" time="36.690" errors="0" timestamp="2026-06-30T19:22:30 IST" skipped="0">
  <testcase classname="DDTCrmApplicationExcel.CreateContactWithSupportDateExcelTest" name="ContactSupportStartAndEndDate" time="36.690"/>
</testsuite> <!-- DDTCrmApplicationExcel.CreateContactWithSupportDateExcelTest -->
