<?xml version="1.0" encoding="UTF-8"?>
<!-- Generated by org.testng.reporters.JUnitReportReporter -->
<testsuite hostname="ARADHYA" failures="0" tests="1" name="DDTCrmApplication.CreateContactWithOrganizationTest" time="44.763" errors="0" timestamp="2026-06-29T15:16:17 IST" skipped="0">
  <testcase classname="DDTCrmApplication.CreateContactWithOrganizationTest" name="CreateContactUsingOrganizationName" time="44.763"/>
</testsuite> <!-- DDTCrmApplication.CreateContactWithOrganizationTest -->
