<?xml version="1.0" encoding="UTF-8"?>
<!-- Generated by org.testng.reporters.JUnitReportReporter -->
<testsuite hostname="ARADHYA" failures="0" tests="1" name="DDTCrmApplicationExcel.CreateContactWithOrgExcellTest" time="47.198" errors="0" timestamp="2026-06-30T19:14:21 IST" skipped="0">
  <testcase classname="DDTCrmApplicationExcel.CreateContactWithOrgExcellTest" name="CreateContactUsingOrganizationName" time="47.198"/>
</testsuite> <!-- DDTCrmApplicationExcel.CreateContactWithOrgExcellTest -->
