<?xml version="1.0" encoding="UTF-8"?>
<!-- Generated by org.testng.reporters.JUnitReportReporter -->
<testsuite hostname="ARADHYA" failures="0" tests="3" name="POMCrmLogin.ContactsTest" time="69.269" errors="0" timestamp="2026-07-16T10:31:20 IST" skipped="0">
  <testcase classname="POMCrmLogin.ContactsTest" name="ContactSupportStartAndEndDate" time="18.401">
    <system-out>
      <![CDATA[ContactSupportStartAndEndDate:Test Execution Started
ContactSupportStartAndEndDate:Test Execution Success]]>
    </system-out>
  </testcase> <!-- ContactSupportStartAndEndDate -->
  <testcase classname="POMCrmLogin.ContactsTest" name="contactslastname" time="19.178">
    <system-out>
      <![CDATA[contactslastname:Test Execution Started
contactslastname:Test Execution Success]]>
    </system-out>
  </testcase> <!-- contactslastname -->
  <testcase classname="POMCrmLogin.ContactsTest" name="CreateContactUsingOrganizationName" time="31.690">
    <system-out>
      <![CDATA[CreateContactUsingOrganizationName:Test Execution Started
CreateContactUsingOrganizationName:Test Execution Success]]>
    </system-out>
  </testcase> <!-- CreateContactUsingOrganizationName -->
  <system-out>
    <![CDATA[Suite Excecution Started-Report Configuration
connecting to database
configure Parellel Exe
close config of parellel exe
launching the Browser
login to VTIGER
ContactSupportStartAndEndDate:Test Execution Started
ContactSupportStartAndEndDate:Test Execution Success
logout from VTIGER
login to VTIGER
CreateContactUsingOrganizationName:Test Execution Started
CreateContactUsingOrganizationName:Test Execution Success
logout from VTIGER
login to VTIGER
contactslastname:Test Execution Started
contactslastname:Test Execution Success
logout from VTIGER
closing the browser
disconnecting with database]]>
  </system-out>
</testsuite> <!-- POMCrmLogin.ContactsTest -->
