<?xml version="1.0" encoding="UTF-8"?>
<!-- Generated by org.testng.reporters.JUnitReportReporter -->
<testsuite hostname="ARADHYA" failures="0" tests="1" name="DDTCrmApplicationExcel.CreateOrgWithIndustryAndTypeExcelTest" time="32.889" errors="0" timestamp="2026-06-30T19:34:02 IST" skipped="0">
  <testcase classname="DDTCrmApplicationExcel.CreateOrgWithIndustryAndTypeExcelTest" name="createorgwithindustryandtype" time="32.889"/>
</testsuite> <!-- DDTCrmApplicationExcel.CreateOrgWithIndustryAndTypeExcelTest -->
