<?xml version="1.0" encoding="UTF-8"?>
<!-- Generated by org.testng.reporters.JUnitReportReporter -->
<testsuite hostname="ARADHYA" failures="0" tests="1" name="DDTCrmApplication.CreateOrganizationWithIndustryAndType" time="31.691" errors="0" timestamp="2026-06-29T15:28:30 IST" skipped="0">
  <testcase classname="DDTCrmApplication.CreateOrganizationWithIndustryAndType" name="createorgwithindustryandtype" time="31.691"/>
</testsuite> <!-- DDTCrmApplication.CreateOrganizationWithIndustryAndType -->
